<?xml version="1.0" encoding="UTF-8"?>
<!-- Generated by org.testng.reporters.JUnitReportReporter -->
<testsuite skipped="0" hostname="Balaji" name="com.maveric.mavericconnecttest.LoginTest" tests="2" failures="0" timestamp="2019-09-18T00:06:39 IST" time="3.530" errors="0">
  <testcase name="validCredentialTest" time="1.635" classname="com.maveric.mavericconnecttest.LoginTest"/>
  <testcase name="invalidCredentialTest" time="1.895" classname="com.maveric.mavericconnecttest.LoginTest"/>
</testsuite> <!-- com.maveric.mavericconnecttest.LoginTest -->
