<?xml version="1.0" encoding="UTF-8"?>
<!-- Generated by org.testng.reporters.JUnitReportReporter -->
<testsuite skipped="0" hostname="Balaji" name="com.maveric.extentreport.ExtentReportGeneration" tests="1" failures="0" timestamp="2019-09-17T23:23:13 IST" time="0.027" errors="0">
  <testcase name="testCase1" time="0.027" classname="com.maveric.extentreport.ExtentReportGeneration"/>
</testsuite> <!-- com.maveric.extentreport.ExtentReportGeneration -->
