<?xml version="1.0" encoding="UTF-8"?>
<!-- Generated by org.testng.reporters.JUnitReportReporter -->
<testsuite skipped="0" hostname="Balaji" name="com.maveric.mavericconnecttest.LoginTest" tests="6" failures="0" timestamp="2019-09-18T07:41:37 IST" time="36.682" errors="0">
  <testcase name="validCredentialTest" time="2.785" classname="com.maveric.mavericconnecttest.LoginTest"/>
  <testcase name="invalidCredentialTest" time="6.123" classname="com.maveric.mavericconnecttest.LoginTest"/>
  <testcase name="invalidCredentialTest" time="16.740" classname="com.maveric.mavericconnecttest.LoginTest"/>
  <testcase name="invalidCredentialTest" time="1.444" classname="com.maveric.mavericconnecttest.LoginTest"/>
  <testcase name="validCredentialTest" time="4.576" classname="com.maveric.mavericconnecttest.LoginTest"/>
  <testcase name="validCredentialTest" time="5.014" classname="com.maveric.mavericconnecttest.LoginTest"/>
</testsuite> <!-- com.maveric.mavericconnecttest.LoginTest -->
