<?xml version="1.0" encoding="UTF-8"?>
<!-- Generated by org.testng.reporters.JUnitReportReporter -->
<testsuite skipped="0" hostname="Balaji" name="com.maveric.mavericconnecttest.AddTimeCartTest" tests="1" failures="0" timestamp="2019-09-18T07:41:37 IST" time="3.144" errors="0">
  <testcase name="timeCartTest" time="3.144" classname="com.maveric.mavericconnecttest.AddTimeCartTest"/>
</testsuite> <!-- com.maveric.mavericconnecttest.AddTimeCartTest -->
